\BOOKMARK [0][-]{chapter*.1}{Preface}{}
\BOOKMARK [0][-]{chapter*.2}{Abstract}{}
\BOOKMARK [0][-]{chapter*.3}{Samenvatting}{}
\BOOKMARK [0][-]{chapter*.4}{List of Figures and Tables}{}
\BOOKMARK [0][-]{section*.7}{Glossary}{}
\BOOKMARK [0][-]{chapter.1}{Introduction}{}
\BOOKMARK [0][-]{chapter.2}{About web sessions}{}
\BOOKMARK [1][-]{section.2.1}{How web sessions work}{chapter.2}
\BOOKMARK [1][-]{section.2.2}{Accessibility of session identifiers}{chapter.2}
\BOOKMARK [1][-]{section.2.3}{Keeping web sessions secure}{chapter.2}
\BOOKMARK [0][-]{chapter.3}{Session attacks}{}
\BOOKMARK [1][-]{section.3.1}{Background: cross-site scripting}{chapter.3}
\BOOKMARK [1][-]{section.3.2}{Session hijacking}{chapter.3}
\BOOKMARK [1][-]{section.3.3}{Session fixation}{chapter.3}
\BOOKMARK [1][-]{section.3.4}{Cross Site Request Forgery}{chapter.3}
\BOOKMARK [0][-]{chapter.4}{Session attack countermeasures}{}
\BOOKMARK [1][-]{section.4.1}{Session security in web frameworks}{chapter.4}
\BOOKMARK [1][-]{section.4.2}{Other Solutions \(and their problems\)}{chapter.4}
\BOOKMARK [0][-]{chapter.5}{A client-side solution to session fixation}{}
\BOOKMARK [0][-]{chapter.6}{Conclusion}{}
\BOOKMARK [0][-]{section*.24}{Bibliography}{}
